[2025-04-05 11:13:53] Depósito en cuenta 1001: +34.00
[2025-04-05 14:43:37] Depósito en cuenta 1001: +32.00
[2025-04-05 14:43:41] Retiro en cuenta 1001: -10.00
[2025-04-05 14:43:44] Retiro en cuenta 1001: -5.00
[2025-04-05 14:43:48] Retiro en cuenta 1001: -30.00
[2025-04-05 14:43:48] Retiro en cuenta 1001: -30.00
[2025-04-05 14:43:48] Retiro en cuenta 1001: -30.00
[2025-04-05 14:55:00] ConsultaSaldo en cuenta 1001: -3745.00
[2025-04-05 14:55:03] Retiro en cuenta 1001: -2.00
[2025-04-06 08:33:13] ConsultaSaldo en cuenta 1001: 3255.00
[2025-04-06 08:34:46] Transferencia desde cuenta 1001 a cuenta 1002: -23.00
[2025-04-06 08:34:46] Transferencia desde cuenta 1001 a cuenta 1002: -23.00
[2025-04-06 08:34:46] Transferencia desde cuenta 1001 a cuenta 1002: -23.00
[2025-04-06 08:34:46] Transferencia desde cuenta 1001 a cuenta 1002: -23.00
[2025-04-06 08:34:46] Transferencia desde cuenta 1001 a cuenta 1002: -23.00
[2025-04-06 08:59:11] Depósito en cuenta 1001: +29.00
[2025-04-06 08:59:17] Depósito en cuenta 1001: +29.00
[2025-04-06 09:00:16] Depósito en cuenta 1001: +23.00
[2025-04-06 09:03:07] Depósito en cuenta 1001: +23.00
[2025-04-06 09:14:51] Depósito en cuenta 1001: +23.00
[2025-04-06 09:18:14] Depósito en cuenta 1001: +23.00
